2024.04.30 09:47:04 INFO  app[][o.s.a.SchedulerImpl] Stopping SonarQube
2024.04.30 09:47:04 INFO  app[][o.s.a.SchedulerImpl] Sonarqube has been requested to stop
2024.04.30 09:47:04 INFO  app[][o.s.a.SchedulerImpl] Stopping [Compute Engine] process...
2024.04.30 09:47:04 INFO  app[][o.s.a.SchedulerImpl] Process[Compute Engine] is stopped
2024.04.30 09:47:04 INFO  app[][o.s.a.SchedulerImpl] Stopping [Web Server] process...
2024.04.30 09:47:05 INFO  app[][o.s.a.SchedulerImpl] Process[Web Server] is stopped
2024.04.30 09:47:05 INFO  app[][o.s.a.SchedulerImpl] Stopping [ElasticSearch] process...
2024.04.30 09:47:07 INFO  app[][o.s.a.SchedulerImpl] Process[ElasticSearch] is stopped
2024.04.30 09:47:07 WARN  app[][o.s.a.p.AbstractManagedProcess] Process exited with exit value [ElasticSearch]: 143
2024.04.30 09:47:07 INFO  app[][o.s.a.SchedulerImpl] SonarQube is stopped
2024.04.30 09:54:49 INFO  app[][o.s.a.AppFileSystem] Cleaning or creating temp directory /opt/sonarqube/temp
2024.04.30 09:54:49 INFO  app[][o.s.a.es.EsSettings] Elasticsearch listening on [HTTP: 127.0.0.1:9001, TCP: 127.0.0.1:44561]
2024.04.30 09:54:49 INFO  app[][o.s.a.ProcessLauncherImpl] Launch process[ELASTICSEARCH] from [/opt/sonarqube/elasticsearch]: /opt/java/openjdk/bin/java -Xms4m -Xmx64m -XX:+UseSerialGC -Dcli.name=server -Dcli.script=./bin/elasticsearch -Dcli.libs=lib/tools/server-cli -Des.path.home=/opt/sonarqube/elasticsearch -Des.path.conf=/opt/sonarqube/temp/conf/es -Des.distribution.type=tar -cp /opt/sonarqube/elasticsearch/lib/*:/opt/sonarqube/elasticsearch/lib/cli-launcher/* org.elasticsearch.launcher.CliToolLauncher
2024.04.30 09:54:49 INFO  app[][o.s.a.SchedulerImpl] Waiting for Elasticsearch to be up and running
2024.04.30 09:55:25 INFO  app[][o.s.a.SchedulerImpl] Process[es] is up
2024.04.30 09:55:25 INFO  app[][o.s.a.ProcessLauncherImpl] Launch process[WEB_SERVER] from [/opt/sonarqube]: /opt/java/openjdk/bin/java -Djava.awt.headless=true -Dfile.encoding=UTF-8 -Djava.io.tmpdir=/opt/sonarqube/temp -XX:-OmitStackTraceInFastThrow --add-opens=java.base/java.util=ALL-UNNAMED --add-opens=java.base/java.lang=ALL-UNNAMED --add-opens=java.base/java.io=ALL-UNNAMED --add-opens=java.rmi/sun.rmi.transport=ALL-UNNAMED --add-exports=java.base/jdk.internal.ref=ALL-UNNAMED --add-opens=java.base/java.nio=ALL-UNNAMED --add-opens=java.base/sun.nio.ch=ALL-UNNAMED --add-opens=java.management/sun.management=ALL-UNNAMED --add-opens=jdk.management/com.sun.management.internal=ALL-UNNAMED -Dcom.redhat.fips=false -Xmx512m -Xms128m -XX:+HeapDumpOnOutOfMemoryError -Dhttp.nonProxyHosts=localhost|127.*|[::1] -cp ./lib/sonar-application-10.4.1.88267.jar:/opt/sonarqube/lib/jdbc/h2/h2-2.2.224.jar org.sonar.server.app.WebServer /opt/sonarqube/temp/sq-process18016450272755113986properties
2024.04.30 09:55:56 INFO  app[][o.s.a.SchedulerImpl] Process[web] is up
2024.04.30 09:55:56 INFO  app[][o.s.a.ProcessLauncherImpl] Launch process[COMPUTE_ENGINE] from [/opt/sonarqube]: /opt/java/openjdk/bin/java -Djava.awt.headless=true -Dfile.encoding=UTF-8 -Djava.io.tmpdir=/opt/sonarqube/temp -XX:-OmitStackTraceInFastThrow --add-opens=java.base/java.util=ALL-UNNAMED --add-exports=java.base/jdk.internal.ref=ALL-UNNAMED --add-opens=java.base/java.lang=ALL-UNNAMED --add-opens=java.base/java.nio=ALL-UNNAMED --add-opens=java.base/sun.nio.ch=ALL-UNNAMED --add-opens=java.management/sun.management=ALL-UNNAMED --add-opens=jdk.management/com.sun.management.internal=ALL-UNNAMED -Dcom.redhat.fips=false -Xmx512m -Xms128m -XX:+HeapDumpOnOutOfMemoryError -Dhttp.nonProxyHosts=localhost|127.*|[::1] -cp ./lib/sonar-application-10.4.1.88267.jar:/opt/sonarqube/lib/jdbc/h2/h2-2.2.224.jar org.sonar.ce.app.CeServer /opt/sonarqube/temp/sq-process4973009843753711768properties
2024.04.30 09:56:06 INFO  app[][o.s.a.SchedulerImpl] Process[ce] is up
2024.04.30 09:56:06 INFO  app[][o.s.a.SchedulerImpl] SonarQube is operational
